[debug] > Exec(early(addDefaultCommands), None, None)
[debug] > Exec(addDefaultCommands, None, None)
[debug] > Exec(early(initialize), None, None)
[debug] > Exec(initialize, None, None)
[debug] > Exec(boot, None, None)
[debug] > Exec(writeSbtVersion, None, None)
[debug] > Exec(reload, None, None)
[debug] > Exec(sbtStashOnFailure, None, None)
[debug] > Exec(onFailure loadFailed, None, None)
[debug] > Exec(loadp, None, None)
[info] welcome to sbt 1.9.4 (Private Build Java 13.0.7)
[debug]       Load.loadUnit: plugins took 110.654782ms
[debug]       Load.loadUnit: defsScala took 0.469376ms
[debug] [Loading] Scanning directory /home/knoldus/.sbt/1.0/plugins
[debug] [Loading] Found non-root projects 
[debug] [Loading] Done in /home/knoldus/.sbt/1.0/plugins, returning: ()
[debug] deducing auto plugins based on known facts Set(Atom(sbt.plugins.CorePlugin)) and clauses Clauses(Clause(Atom(sbt.plugins.JvmPlugin),Set(Atom(sbt.plugins.IvyPlugin)))
[debug] Clause(Atom(sbt.ScriptedPlugin),Set(Atom(sbt.plugins.JvmPlugin)))
[debug] Clause(Atom(sbt.plugins.SbtPlugin),Set(Atom(sbt.ScriptedPlugin)))
[debug] Clause(Atom(sbt.plugins.SemanticdbPlugin),Set(Atom(sbt.plugins.JvmPlugin)))
[debug] Clause(Atom(sbt.plugins.JUnitXmlReportPlugin),Set(Atom(sbt.plugins.JvmPlugin)))
[debug] Clause(Atom(sbt.plugins.MiniDependencyTreePlugin),Set(Atom(sbt.plugins.JvmPlugin)))
[debug] Clause(Atom(sbt.plugins.CorePlugin),Set(Atom(sbt.plugins.IvyPlugin)))
[debug] Clause(Atom(sbt.plugins.IvyPlugin),Set(Atom(sbt.plugins.JvmPlugin)))
[debug] Clause(Atom(sbt.plugins.JvmPlugin),Set(Atom(sbt.plugins.SemanticdbPlugin)))
[debug] Clause(Atom(sbt.plugins.JvmPlugin),Set(Atom(sbt.plugins.JUnitXmlReportPlugin)))
[debug] Clause(Atom(sbt.plugins.CorePlugin),Set(Atom(sbt.plugins.Giter8TemplatePlugin)))
[debug] Clause(Atom(sbt.plugins.JvmPlugin),Set(Atom(sbt.plugins.MiniDependencyTreePlugin))))
[debug]   :: deduced result: Matched(sbt.plugins.CorePlugin,sbt.plugins.Giter8TemplatePlugin,sbt.plugins.IvyPlugin,sbt.plugins.JvmPlugin,sbt.plugins.MiniDependencyTreePlugin,sbt.plugins.JUnitXmlReportPlugin,sbt.plugins.SemanticdbPlugin)
[debug] Plugins.deducer#function took 23.797142 ms
[debug]           Load.resolveProject(global-plugins) took 57.597422ms
[debug]         Load.loadTransitive: finalizeProject(Project(id global-plugins, base: /home/knoldus/.sbt/1.0/plugins, plugins: List(<none>))) took 113.05253ms
[debug] [Loading] Done in /home/knoldus/.sbt/1.0/plugins, returning: (global-plugins)
[debug]       Load.loadUnit: loadedProjectsRaw took 142.569529ms
[debug]       Load.loadUnit: cleanEvalClasses took 0.269832ms
[debug]     Load.loadUnit(file:/home/knoldus/.sbt/1.0/plugins/, ...) took 265.261269ms
[debug]   Load.apply: load took 523.125732ms
[debug]   Load.apply: resolveProjects took 10.031041ms
[debug]   Load.apply: finalTransforms took 89.922445ms
[debug]   Load.apply: config.delegates took 9.88743ms
[debug]   Load.apply: Def.make(settings)... took 470.640201ms
[debug]   Load.apply: structureIndex took 113.036457ms
[debug]   Load.apply: mkStreams took 1.659477ms
[info] loading global plugins from /home/knoldus/.sbt/1.0/plugins
[debug] Running task... Cancel: Signal, check cycles: false, forcegc: true
[debug] Load.defaultLoad until apply took 2634.42582ms
[debug]           Load.loadUnit: plugins took 27.960936ms
[debug]           Load.loadUnit: defsScala took 0.004102ms
[debug] [Loading] Scanning directory /home/knoldus/Documents/old-data/knoldus-projects/DelveryManagementSystem/order/project
[debug]             Load.loadUnit: mkEval took 7.432331ms
[debug] [Loading] Found non-root projects 
[debug] [Loading] Done in /home/knoldus/Documents/old-data/knoldus-projects/DelveryManagementSystem/order/project, returning: ()
[debug] deducing auto plugins based on known facts Set(Atom(sbt.plugins.CorePlugin)) and clauses Clauses(Clause(Atom(sbt.plugins.JvmPlugin),Set(Atom(sbt.plugins.IvyPlugin)))
[debug] Clause(Atom(sbt.ScriptedPlugin),Set(Atom(sbt.plugins.JvmPlugin)))
[debug] Clause(Atom(sbt.plugins.SbtPlugin),Set(Atom(sbt.ScriptedPlugin)))
[debug] Clause(Atom(sbt.plugins.SemanticdbPlugin),Set(Atom(sbt.plugins.JvmPlugin)))
[debug] Clause(Atom(sbt.plugins.JUnitXmlReportPlugin),Set(Atom(sbt.plugins.JvmPlugin)))
[debug] Clause(Atom(sbt.plugins.MiniDependencyTreePlugin),Set(Atom(sbt.plugins.JvmPlugin)))
[debug] Clause(Atom(sbt.plugins.CorePlugin),Set(Atom(sbt.plugins.IvyPlugin)))
[debug] Clause(Atom(sbt.plugins.IvyPlugin),Set(Atom(sbt.plugins.JvmPlugin)))
[debug] Clause(Atom(sbt.plugins.JvmPlugin),Set(Atom(sbt.plugins.SemanticdbPlugin)))
[debug] Clause(Atom(sbt.plugins.JvmPlugin),Set(Atom(sbt.plugins.JUnitXmlReportPlugin)))
[debug] Clause(Atom(sbt.plugins.CorePlugin),Set(Atom(sbt.plugins.Giter8TemplatePlugin)))
[debug] Clause(Atom(sbt.plugins.JvmPlugin),Set(Atom(sbt.plugins.MiniDependencyTreePlugin))))
[debug]   :: deduced result: Matched(sbt.plugins.CorePlugin,sbt.plugins.Giter8TemplatePlugin,sbt.plugins.IvyPlugin,sbt.plugins.JvmPlugin,sbt.plugins.MiniDependencyTreePlugin,sbt.plugins.JUnitXmlReportPlugin,sbt.plugins.SemanticdbPlugin)
[debug] Plugins.deducer#function took 1.895692 ms
[info] loading settings for project order-build from plugins.sbt ...
[debug]               Load.resolveProject(order-build) took 3.361182ms
[debug]             Load.loadTransitive: finalizeProject(Project(id order-build, base: /home/knoldus/Documents/old-data/knoldus-projects/DelveryManagementSystem/order/project, plugins: List(<none>))) took 5.919091ms
[debug] [Loading] Done in /home/knoldus/Documents/old-data/knoldus-projects/DelveryManagementSystem/order/project, returning: (order-build)
[debug]           Load.loadUnit: loadedProjectsRaw took 162.281728ms
[debug]           Load.loadUnit: cleanEvalClasses took 3.980746ms
[debug]         Load.loadUnit(file:/home/knoldus/Documents/old-data/knoldus-projects/DelveryManagementSystem/order/project/, ...) took 194.901706ms
[debug]       Load.apply: load took 196.656209ms
[debug]       Load.apply: resolveProjects took 0.164248ms
[debug]       Load.apply: finalTransforms took 13.873694ms
[debug]       Load.apply: config.delegates took 0.63611ms
[debug]       Load.apply: Def.make(settings)... took 129.286066ms
[debug]       Load.apply: structureIndex took 41.328443ms
[debug]       Load.apply: mkStreams took 0.002812ms
[info] loading project definition from /home/knoldus/Documents/old-data/knoldus-projects/DelveryManagementSystem/order/project
[debug] Running task... Cancel: Signal, check cycles: false, forcegc: true
[debug]     Load.loadUnit: plugins took 989.716569ms
[debug]     Load.loadUnit: defsScala took 0.005327ms
[debug] [Loading] Scanning directory /home/knoldus/Documents/old-data/knoldus-projects/DelveryManagementSystem/order
[debug]       Load.loadUnit: mkEval took 0.242336ms
